<?xml version="1.0" encoding="UTF-8"?>
<robot generator="Robot 5.0.1 (Python 3.10.6 on win32)" generated="20250910 14:27:54.244" rpa="false" schemaversion="3">
<suite id="s1" name="Test Calculator" source="D:\Desktop\cicd\test_calculator.robot">
<test id="s1-t1" name="Addition Test" line="5">
<kw name="Add" library="calculater">
<var>${result}</var>
<arg>4</arg>
<arg>6</arg>
<msg timestamp="20250910 14:27:54.304" level="INFO">${result} = 10</msg>
<status status="PASS" starttime="20250910 14:27:54.304" endtime="20250910 14:27:54.304"/>
</kw>
<kw name="Should Be Equal As Integers" library="BuiltIn">
<arg>${result}</arg>
<arg>10</arg>
<doc>Fails if objects are unequal after converting them to integers.</doc>
<msg timestamp="20250910 14:27:54.304" level="INFO">Argument types are:
&lt;class 'int'&gt;
&lt;class 'str'&gt;</msg>
<status status="PASS" starttime="20250910 14:27:54.304" endtime="20250910 14:27:54.304"/>
</kw>
<status status="PASS" starttime="20250910 14:27:54.303" endtime="20250910 14:27:54.305"/>
</test>
<test id="s1-t2" name="Subtraction Test" line="9">
<kw name="Subtract" library="calculater">
<var>${result}</var>
<arg>10</arg>
<arg>3</arg>
<msg timestamp="20250910 14:27:54.306" level="INFO">${result} = 7</msg>
<status status="PASS" starttime="20250910 14:27:54.306" endtime="20250910 14:27:54.306"/>
</kw>
<kw name="Should Be Equal As Integers" library="BuiltIn">
<arg>${result}</arg>
<arg>7</arg>
<doc>Fails if objects are unequal after converting them to integers.</doc>
<msg timestamp="20250910 14:27:54.307" level="INFO">Argument types are:
&lt;class 'int'&gt;
&lt;class 'str'&gt;</msg>
<status status="PASS" starttime="20250910 14:27:54.307" endtime="20250910 14:27:54.307"/>
</kw>
<status status="PASS" starttime="20250910 14:27:54.305" endtime="20250910 14:27:54.307"/>
</test>
<test id="s1-t3" name="Multiplication Test" line="13">
<kw name="Multiply" library="calculater">
<var>${result}</var>
<arg>5</arg>
<arg>5</arg>
<msg timestamp="20250910 14:27:54.308" level="INFO">${result} = 25</msg>
<status status="PASS" starttime="20250910 14:27:54.308" endtime="20250910 14:27:54.308"/>
</kw>
<kw name="Should Be Equal As Integers" library="BuiltIn">
<arg>${result}</arg>
<arg>25</arg>
<doc>Fails if objects are unequal after converting them to integers.</doc>
<msg timestamp="20250910 14:27:54.308" level="INFO">Argument types are:
&lt;class 'int'&gt;
&lt;class 'str'&gt;</msg>
<status status="PASS" starttime="20250910 14:27:54.308" endtime="20250910 14:27:54.308"/>
</kw>
<status status="PASS" starttime="20250910 14:27:54.308" endtime="20250910 14:27:54.309"/>
</test>
<test id="s1-t4" name="Division Test" line="17">
<kw name="Divide" library="calculater">
<var>${result}</var>
<arg>10</arg>
<arg>2</arg>
<msg timestamp="20250910 14:27:54.310" level="INFO">${result} = 5.0</msg>
<status status="PASS" starttime="20250910 14:27:54.310" endtime="20250910 14:27:54.310"/>
</kw>
<kw name="Should Be Equal As Numbers" library="BuiltIn">
<arg>${result}</arg>
<arg>5.0</arg>
<doc>Fails if objects are unequal after converting them to real numbers.</doc>
<msg timestamp="20250910 14:27:54.310" level="INFO">Argument types are:
&lt;class 'float'&gt;
&lt;class 'str'&gt;</msg>
<status status="PASS" starttime="20250910 14:27:54.310" endtime="20250910 14:27:54.311"/>
</kw>
<status status="PASS" starttime="20250910 14:27:54.309" endtime="20250910 14:27:54.311"/>
</test>
<test id="s1-t5" name="Division By Zero Test" line="21">
<kw name="Divide" library="calculater">
<var>${result}</var>
<arg>10</arg>
<arg>0</arg>
<msg timestamp="20250910 14:27:54.312" level="INFO">${result} = DIVIDE_BY_ZERO</msg>
<status status="PASS" starttime="20250910 14:27:54.312" endtime="20250910 14:27:54.312"/>
</kw>
<kw name="Should Be Equal" library="BuiltIn">
<arg>${result}</arg>
<arg>DIVIDE_BY_ZERO</arg>
<doc>Fails if the given objects are unequal.</doc>
<status status="PASS" starttime="20250910 14:27:54.313" endtime="20250910 14:27:54.313"/>
</kw>
<status status="PASS" starttime="20250910 14:27:54.312" endtime="20250910 14:27:54.313"/>
</test>
<status status="PASS" starttime="20250910 14:27:54.253" endtime="20250910 14:27:54.315"/>
</suite>
<statistics>
<total>
<stat pass="5" fail="0" skip="0">All Tests</stat>
</total>
<tag>
</tag>
<suite>
<stat pass="5" fail="0" skip="0" id="s1" name="Test Calculator">Test Calculator</stat>
</suite>
</statistics>
<errors>
</errors>
</robot>
